2023-08-02 11:47:04.940 [info] Log level: Info
2023-08-02 11:47:04.940 [info] Validating found git in: "git"
2023-08-02 11:47:04.940 [info] Using git "2.39.2" from "git"
2023-08-02 11:49:43.404 [info] > git rev-parse --show-toplevel [18ms]
2023-08-02 11:50:41.732 [info] Log level: Info
2023-08-02 11:50:41.733 [info] Validating found git in: "git"
2023-08-02 11:50:41.733 [info] Using git "2.39.2" from "git"
2023-08-02 11:50:41.733 [info] > git rev-parse --show-toplevel [8ms]
2023-08-02 11:50:41.733 [info] fatal: not a git repository (or any of the parent directories): .git
2023-08-02 11:50:41.740 [info] > git rev-parse --show-toplevel [13ms]
2023-08-02 11:50:41.754 [info] > git rev-parse --git-dir --git-common-dir [4ms]
2023-08-02 11:50:41.776 [info] Open repository: /root/repos/git_test
2023-08-02 11:50:41.815 [info] > git config --get commit.template [22ms]
2023-08-02 11:50:41.881 [info] > git for-each-ref --format=%(refname)%00%(upstream:short)%00%(objectname)%00%(upstream:track)%00%(upstream:remotename)%00%(upstream:remoteref) refs/heads/main refs/remotes/main [72ms]
2023-08-02 11:50:41.921 [info] > git status -z -uall [31ms]
2023-08-02 11:50:42.023 [info] > git config --get commit.template [24ms]
2023-08-02 11:50:42.256 [info] > git for-each-ref --format=%(refname)%00%(upstream:short)%00%(objectname)%00%(upstream:track)%00%(upstream:remotename)%00%(upstream:remoteref) refs/heads/main refs/remotes/main [233ms]
2023-08-02 11:50:42.318 [info] > git status -z -uall [35ms]
2023-08-02 11:50:42.529 [info] > git check-ignore -v -z --stdin [104ms]
2023-08-02 11:50:43.541 [info] > git check-ignore -v -z --stdin [11ms]
2023-08-02 11:50:43.996 [info] > git config --get commit.template [13ms]
2023-08-02 11:50:44.000 [info] > git for-each-ref --format=%(refname)%00%(upstream:short)%00%(objectname)%00%(upstream:track)%00%(upstream:remotename)%00%(upstream:remoteref) refs/heads/main refs/remotes/main [6ms]
2023-08-02 11:50:44.016 [info] > git status -z -uall [8ms]
2023-08-02 11:50:45.161 [info] > git show --textconv :README.md [35ms]
2023-08-02 11:50:45.192 [info] > git ls-files --stage -- /root/repos/git_test/README.md [33ms]
2023-08-02 11:50:45.259 [info] > git cat-file -s f9894f4195f4854cfc3e3c55960200adebbc3ac5 [18ms]
2023-08-02 11:50:49.039 [info] > git config --get commit.template [8ms]
2023-08-02 11:50:49.043 [info] > git for-each-ref --format=%(refname)%00%(upstream:short)%00%(objectname)%00%(upstream:track)%00%(upstream:remotename)%00%(upstream:remoteref) refs/heads/main refs/remotes/main [5ms]
2023-08-02 11:50:49.054 [info] > git status -z -uall [3ms]
2023-08-02 11:50:54.104 [info] > git config --get commit.template [17ms]
2023-08-02 11:50:54.105 [info] > git for-each-ref --format=%(refname)%00%(upstream:short)%00%(objectname)%00%(upstream:track)%00%(upstream:remotename)%00%(upstream:remoteref) refs/heads/main refs/remotes/main [6ms]
2023-08-02 11:50:54.116 [info] > git status -z -uall [4ms]
2023-08-02 11:50:59.164 [info] > git config --get commit.template [9ms]
2023-08-02 11:50:59.166 [info] > git for-each-ref --format=%(refname)%00%(upstream:short)%00%(objectname)%00%(upstream:track)%00%(upstream:remotename)%00%(upstream:remoteref) refs/heads/main refs/remotes/main [3ms]
2023-08-02 11:50:59.176 [info] > git status -z -uall [4ms]
2023-08-02 11:51:04.216 [info] > git config --get commit.template [10ms]
2023-08-02 11:51:04.218 [info] > git for-each-ref --format=%(refname)%00%(upstream:short)%00%(objectname)%00%(upstream:track)%00%(upstream:remotename)%00%(upstream:remoteref) refs/heads/main refs/remotes/main [3ms]
2023-08-02 11:51:04.230 [info] > git status -z -uall [5ms]
2023-08-02 11:51:09.549 [info] > git config --get commit.template [10ms]
2023-08-02 11:51:09.553 [info] > git for-each-ref --format=%(refname)%00%(upstream:short)%00%(objectname)%00%(upstream:track)%00%(upstream:remotename)%00%(upstream:remoteref) refs/heads/main refs/remotes/main [5ms]
2023-08-02 11:51:09.564 [info] > git status -z -uall [4ms]
2023-08-02 11:51:33.196 [info] > git config --get commit.template [11ms]
2023-08-02 11:51:33.200 [info] > git for-each-ref --format=%(refname)%00%(upstream:short)%00%(objectname)%00%(upstream:track)%00%(upstream:remotename)%00%(upstream:remoteref) refs/heads/main refs/remotes/main [5ms]
2023-08-02 11:51:33.211 [info] > git status -z -uall [5ms]
2023-08-02 11:52:15.148 [info] > git config --get commit.template [18ms]
2023-08-02 11:52:15.150 [info] > git for-each-ref --format=%(refname)%00%(upstream:short)%00%(objectname)%00%(upstream:track)%00%(upstream:remotename)%00%(upstream:remoteref) refs/heads/main refs/remotes/main [3ms]
2023-08-02 11:52:15.160 [info] > git status -z -uall [4ms]
2023-08-02 11:55:02.213 [info] > git config --get commit.template [11ms]
2023-08-02 11:55:02.215 [info] > git for-each-ref --format=%(refname)%00%(upstream:short)%00%(objectname)%00%(upstream:track)%00%(upstream:remotename)%00%(upstream:remoteref) refs/heads/main refs/remotes/main [3ms]
2023-08-02 11:55:02.228 [info] > git status -z -uall [6ms]
